[0309/233625.390:ERROR:process_reader_win.cc(242)] ReadMemory at 0x237d9780000 of 64 bytes failed: Only part of a ReadProcessMemory or WriteProcessMemory request was completed. (0x12B)
[0309/233625.506:WARNING:pe_image_reader.cc(302)] could not read dos header from C:\WINDOWS\System32\WS2_32.dll
[0309/233625.506:ERROR:process_reader_win.cc(242)] ReadMemory at 0x7ffefd5a0000 of 64 bytes failed: Only part of a ReadProcessMemory or WriteProcessMemory request was completed. (0x12B)
[0309/233625.506:WARNING:pe_image_reader.cc(302)] could not read dos header from C:\WINDOWS\System32\ole32.dll
[0309/233625.506:ERROR:process_reader_win.cc(242)] ReadMemory at 0x7ffefd8b0000 of 64 bytes failed: Only part of a ReadProcessMemory or WriteProcessMemory request was completed. (0x12B)
[0309/233625.506:WARNING:pe_image_reader.cc(302)] could not read dos header from C:\WINDOWS\System32\OLEAUT32.dll
[0309/233625.506:ERROR:process_reader_win.cc(242)] ReadMemory at 0x7ffefd490000 of 64 bytes failed: Only part of a ReadProcessMemory or WriteProcessMemory request was completed. (0x12B)
[0309/233625.506:WARNING:pe_image_reader.cc(302)] could not read dos header from C:\WINDOWS\System32\WINTRUST.dll
[0309/233625.506:ERROR:process_reader_win.cc(242)] ReadMemory at 0x7ffefc440000 of 64 bytes failed: Only part of a ReadProcessMemory or WriteProcessMemory request was completed. (0x12B)
[0309/233625.506:WARNING:pe_image_reader.cc(302)] could not read dos header from C:\WINDOWS\System32\MSASN1.dll
[0309/233625.506:ERROR:process_reader_win.cc(242)] ReadMemory at 0x7ffefcfb0000 of 64 bytes failed: Only part of a ReadProcessMemory or WriteProcessMemory request was completed. (0x12B)
[0309/233625.506:WARNING:pe_image_reader.cc(302)] could not read dos header from C:\WINDOWS\System32\CRYPT32.dll
[0309/233625.506:ERROR:process_reader_win.cc(242)] ReadMemory at 0x7ffefea60000 of 64 bytes failed: Only part of a ReadProcessMemory or WriteProcessMemory request was completed. (0x12B)
[0309/233625.506:WARNING:pe_image_reader.cc(302)] could not read dos header from C:\WINDOWS\System32\COMDLG32.dll
[0309/233625.506:ERROR:process_reader_win.cc(242)] ReadMemory at 0x7ffefb8a0000 of 64 bytes failed: Only part of a ReadProcessMemory or WriteProcessMemory request was completed. (0x12B)
[0309/233625.506:WARNING:pe_image_reader.cc(302)] could not read dos header from C:\WINDOWS\SYSTEM32\IPHLPAPI.DLL
[0309/233625.506:ERROR:process_reader_win.cc(242)] ReadMemory at 0x7ffef6070000 of 64 bytes failed: Only part of a ReadProcessMemory or WriteProcessMemory request was completed. (0x12B)
[0309/233625.506:WARNING:pe_image_reader.cc(302)] could not read dos header from C:\WINDOWS\SYSTEM32\msdmo.dll
[0309/233625.506:ERROR:process_reader_win.cc(242)] ReadMemory at 0x7ffee4610000 of 64 bytes failed: Only part of a ReadProcessMemory or WriteProcessMemory request was completed. (0x12B)
[0309/233625.506:WARNING:pe_image_reader.cc(302)] could not read dos header from C:\WINDOWS\WinSxS\amd64_microsoft.windows.common-controls_6595b64144ccf1df_6.0.18362.657_none_e6c5b579130e3898\COMCTL32.dll
[0309/233625.506:ERROR:process_reader_win.cc(242)] ReadMemory at 0x7ffedfee0000 of 64 bytes failed: Only part of a ReadProcessMemory or WriteProcessMemory request was completed. (0x12B)
[0309/233625.506:WARNING:pe_image_reader.cc(302)] could not read dos header from C:\WINDOWS\SYSTEM32\DWrite.dll
[0309/233625.506:ERROR:process_reader_win.cc(242)] ReadMemory at 0x7ffed7270000 of 64 bytes failed: Only part of a ReadProcessMemory or WriteProcessMemory request was completed. (0x12B)
[0309/233625.506:WARNING:pe_image_reader.cc(302)] could not read dos header from C:\WINDOWS\SYSTEM32\WINSPOOL.DRV
[0309/233625.506:ERROR:process_reader_win.cc(242)] ReadMemory at 0x7ffefc500000 of 64 bytes failed: Only part of a ReadProcessMemory or WriteProcessMemory request was completed. (0x12B)
[0309/233625.506:WARNING:pe_image_reader.cc(302)] could not read dos header from C:\WINDOWS\System32\bcrypt.dll
[0309/233625.506:ERROR:process_reader_win.cc(242)] ReadMemory at 0x7ffeea960000 of 64 bytes failed: Only part of a ReadProcessMemory or WriteProcessMemory request was completed. (0x12B)
[0309/233625.506:WARNING:pe_image_reader.cc(302)] could not read dos header from C:\WINDOWS\SYSTEM32\dbghelp.dll
[0309/233625.506:ERROR:process_reader_win.cc(242)] ReadMemory at 0x7ffee23e0000 of 64 bytes failed: Only part of a ReadProcessMemory or WriteProcessMemory request was completed. (0x12B)
[0309/233625.506:WARNING:pe_image_reader.cc(302)] could not read dos header from C:\WINDOWS\SYSTEM32\USP10.dll
[0309/233625.506:ERROR:process_reader_win.cc(242)] ReadMemory at 0x7ffefb080000 of 64 bytes failed: Only part of a ReadProcessMemory or WriteProcessMemory request was completed. (0x12B)
[0309/233625.506:WARNING:pe_image_reader.cc(302)] could not read dos header from C:\WINDOWS\SYSTEM32\dxgi.dll
[0309/233625.506:ERROR:process_reader_win.cc(242)] ReadMemory at 0x7ffef32b0000 of 64 bytes failed: Only part of a ReadProcessMemory or WriteProcessMemory request was completed. (0x12B)
[0309/233625.506:WARNING:pe_image_reader.cc(302)] could not read dos header from C:\WINDOWS\SYSTEM32\urlmon.dll
[0309/233625.506:ERROR:process_reader_win.cc(242)] ReadMemory at 0x7ffee9830000 of 64 bytes failed: Only part of a ReadProcessMemory or WriteProcessMemory request was completed. (0x12B)
[0309/233625.506:WARNING:pe_image_reader.cc(302)] could not read dos header from C:\WINDOWS\SYSTEM32\Secur32.dll
[0309/233625.506:ERROR:process_reader_win.cc(242)] ReadMemory at 0x7ffef53d0000 of 64 bytes failed: Only part of a ReadProcessMemory or WriteProcessMemory request was completed. (0x12B)
[0309/233625.506:WARNING:pe_image_reader.cc(302)] could not read dos header from C:\WINDOWS\SYSTEM32\dhcpcsvc.DLL
[0309/233625.506:ERROR:process_reader_win.cc(242)] ReadMemory at 0x7ffefd840000 of 64 bytes failed: Only part of a ReadProcessMemory or WriteProcessMemory request was completed. (0x12B)
[0309/233625.506:WARNING:pe_image_reader.cc(302)] could not read dos header from C:\WINDOWS\System32\NSI.dll
[0309/233625.506:ERROR:process_reader_win.cc(242)] ReadMemory at 0x7ffef8d20000 of 64 bytes failed: Only part of a ReadProcessMemory or WriteProcessMemory request was completed. (0x12B)
[0309/233625.506:WARNING:pe_image_reader.cc(302)] could not read dos header from C:\WINDOWS\SYSTEM32\PROPSYS.dll
[0309/233625.506:ERROR:process_reader_win.cc(242)] ReadMemory at 0x7ffef1310000 of 64 bytes failed: Only part of a ReadProcessMemory or WriteProcessMemory request was completed. (0x12B)
[0309/233625.506:WARNING:pe_image_reader.cc(302)] could not read dos header from C:\WINDOWS\SYSTEM32\iertutil.dll
[0309/233625.506:ERROR:process_reader_win.cc(242)] ReadMemory at 0x7ffefaff0000 of 64 bytes failed: Only part of a ReadProcessMemory or WriteProcessMemory request was completed. (0x12B)
[0309/233625.506:WARNING:pe_image_reader.cc(302)] could not read dos header from C:\WINDOWS\SYSTEM32\dxcore.dll
[0309/233625.506:ERROR:process_reader_win.cc(242)] ReadMemory at 0x7ffefc2e0000 of 64 bytes failed: Only part of a ReadProcessMemory or WriteProcessMemory request was completed. (0x12B)
[0309/233625.506:WARNING:pe_image_reader.cc(302)] could not read dos header from C:\WINDOWS\SYSTEM32\SSPICLI.DLL
[0309/233625.506:ERROR:process_reader_win.cc(242)] ReadMemory at 0x7ffefed60000 of 64 bytes failed: Only part of a ReadProcessMemory or WriteProcessMemory request was completed. (0x12B)
[0309/233625.506:WARNING:pe_image_reader.cc(302)] could not read dos header from C:\WINDOWS\System32\SETUPAPI.dll
[0309/233625.506:ERROR:process_reader_win.cc(242)] ReadMemory at 0x7ffefc160000 of 64 bytes failed: Only part of a ReadProcessMemory or WriteProcessMemory request was completed. (0x12B)
[0309/233625.506:WARNING:pe_image_reader.cc(302)] could not read dos header from C:\WINDOWS\SYSTEM32\DEVOBJ.dll
[0309/233625.506:ERROR:process_reader_win.cc(242)] ReadMemory at 0x7ffece6c0000 of 64 bytes failed: Only part of a ReadProcessMemory or WriteProcessMemory request was completed. (0x12B)
[0309/233625.506:WARNING:pe_image_reader.cc(302)] could not read dos header from C:\WINDOWS\SYSTEM32\mf.dll
[0309/233625.506:ERROR:process_reader_win.cc(242)] ReadMemory at 0x7ffee0ae0000 of 64 bytes failed: Only part of a ReadProcessMemory or WriteProcessMemory request was completed. (0x12B)
[0309/233625.506:WARNING:pe_image_reader.cc(302)] could not read dos header from C:\WINDOWS\SYSTEM32\mfplat.dll
[0309/233625.506:ERROR:process_reader_win.cc(242)] ReadMemory at 0x7ffef6260000 of 64 bytes failed: Only part of a ReadProcessMemory or WriteProcessMemory request was completed. (0x12B)
[0309/233625.506:WARNING:pe_image_reader.cc(302)] could not read dos header from C:\WINDOWS\SYSTEM32\RTWorkQ.DLL
[0309/233625.506:ERROR:process_reader_win.cc(242)] ReadMemory at 0x7ffece3d0000 of 64 bytes failed: Only part of a ReadProcessMemory or WriteProcessMemory request was completed. (0x12B)
[0309/233625.506:WARNING:pe_image_reader.cc(302)] could not read dos header from C:\WINDOWS\SYSTEM32\msmpeg2vdec.dll
[0309/233625.506:ERROR:process_reader_win.cc(242)] ReadMemory at 0x7ffece090000 of 64 bytes failed: Only part of a ReadProcessMemory or WriteProcessMemory request was completed. (0x12B)
[0309/233625.506:WARNING:pe_image_reader.cc(302)] could not read dos header from C:\WINDOWS\SYSTEM32\mfperfhelper.dll
[0309/233625.506:ERROR:process_reader_win.cc(242)] ReadMemory at 0x7ffeeb270000 of 64 bytes failed: Only part of a ReadProcessMemory or WriteProcessMemory request was completed. (0x12B)
[0309/233625.506:WARNING:pe_image_reader.cc(302)] could not read dos header from C:\WINDOWS\SYSTEM32\dxva2.dll
[0309/233625.506:ERROR:process_reader_win.cc(242)] ReadMemory at 0x7ffecdf10000 of 64 bytes failed: Only part of a ReadProcessMemory or WriteProcessMemory request was completed. (0x12B)
[0309/233625.506:WARNING:pe_image_reader.cc(302)] could not read dos header from C:\WINDOWS\SYSTEM32\msvproc.dll
[0309/233625.506:ERROR:process_reader_win.cc(242)] ReadMemory at 0x7ffef65e0000 of 64 bytes failed: Only part of a ReadProcessMemory or WriteProcessMemory request was completed. (0x12B)
[0309/233625.506:WARNING:pe_image_reader.cc(302)] could not read dos header from C:\WINDOWS\SYSTEM32\CompPkgSup.DLL
[0309/233625.506:ERROR:process_reader_win.cc(242)] ReadMemory at 0x7ffef97e0000 of 64 bytes failed: Only part of a ReadProcessMemory or WriteProcessMemory request was completed. (0x12B)
[0309/233625.506:WARNING:pe_image_reader.cc(302)] could not read dos header from C:\WINDOWS\SYSTEM32\D3DCompiler_47.dll
[0309/233625.506:ERROR:process_reader_win.cc(242)] ReadMemory at 0x7ffecda10000 of 64 bytes failed: Only part of a ReadProcessMemory or WriteProcessMemory request was completed. (0x12B)
[0309/233625.506:WARNING:pe_image_reader.cc(302)] could not read dos header from C:\Program Files (x86)\Google\Chrome\Application\69.0.3497.100\libglesv2.dll
[0309/233625.506:ERROR:process_reader_win.cc(242)] ReadMemory at 0x7ffecd840000 of 64 bytes failed: Only part of a ReadProcessMemory or WriteProcessMemory request was completed. (0x12B)
[0309/233625.506:WARNING:pe_image_reader.cc(302)] could not read dos header from C:\WINDOWS\SYSTEM32\d3d9.dll
[0309/233625.506:ERROR:process_reader_win.cc(242)] ReadMemory at 0x7ffefac00000 of 64 bytes failed: Only part of a ReadProcessMemory or WriteProcessMemory request was completed. (0x12B)
[0309/233625.506:WARNING:pe_image_reader.cc(302)] could not read dos header from C:\WINDOWS\SYSTEM32\dwmapi.dll
[0309/233625.506:ERROR:process_reader_win.cc(242)] ReadMemory at 0x7ffee4ab0000 of 64 bytes failed: Only part of a ReadProcessMemory or WriteProcessMemory request was completed. (0x12B)
[0309/233625.506:WARNING:pe_image_reader.cc(302)] could not read dos header from C:\Program Files (x86)\Google\Chrome\Application\69.0.3497.100\libegl.dll
[0309/233625.506:ERROR:process_reader_win.cc(242)] ReadMemory at 0x7ffef9c40000 of 64 bytes failed: Only part of a ReadProcessMemory or WriteProcessMemory request was completed. (0x12B)
[0309/233625.506:WARNING:pe_image_reader.cc(302)] could not read dos header from C:\WINDOWS\SYSTEM32\d3d11.dll
[0309/233625.506:ERROR:process_reader_win.cc(242)] ReadMemory at 0x7ffef9f80000 of 64 bytes failed: Only part of a ReadProcessMemory or WriteProcessMemory request was completed. (0x12B)
[0309/233625.506:WARNING:pe_image_reader.cc(302)] could not read dos header from C:\WINDOWS\SYSTEM32\dcomp.dll
[0309/233625.506:ERROR:process_reader_win.cc(242)] ReadMemory at 0x7ffeee420000 of 64 bytes failed: Only part of a ReadProcessMemory or WriteProcessMemory request was completed. (0x12B)
[0309/233625.506:WARNING:pe_image_reader.cc(302)] could not read dos header from C:\WINDOWS\System32\DriverStore\FileRepository\igdlh64.inf_amd64_6d34ac0763025a06\igd10iumd64.dll
[0309/233625.506:ERROR:process_reader_win.cc(242)] ReadMemory at 0x7ffefbe00000 of 64 bytes failed: Only part of a ReadProcessMemory or WriteProcessMemory request was completed. (0x12B)
[0309/233625.506:WARNING:pe_image_reader.cc(302)] could not read dos header from C:\WINDOWS\SYSTEM32\ncrypt.dll
[0309/233625.506:ERROR:process_reader_win.cc(242)] ReadMemory at 0x7ffefbdc0000 of 64 bytes failed: Only part of a ReadProcessMemory or WriteProcessMemory request was completed. (0x12B)
[0309/233625.506:WARNING:pe_image_reader.cc(302)] could not read dos header from C:\WINDOWS\SYSTEM32\NTASN1.dll
[0309/233625.506:ERROR:process_reader_win.cc(242)] ReadMemory at 0x7ffeeb4b0000 of 64 bytes failed: Only part of a ReadProcessMemory or WriteProcessMemory request was completed. (0x12B)
[0309/233625.506:WARNING:pe_image_reader.cc(302)] could not read dos header from C:\WINDOWS\System32\DriverStore\FileRepository\igdlh64.inf_amd64_6d34ac0763025a06\igc64.dll
[0309/233625.506:ERROR:process_reader_win.cc(242)] ReadMemory at 0x7ffeb3920000 of 64 bytes failed: Only part of a ReadProcessMemory or WriteProcessMemory request was completed. (0x12B)
[0309/233625.506:WARNING:pe_image_reader.cc(302)] could not read dos header from C:\WINDOWS\System32\DriverStore\FileRepository\igdlh64.inf_amd64_6d34ac0763025a06\igd11dxva64.dll
[0309/233625.506:ERROR:process_reader_win.cc(242)] ReadMemory at 0x7ffedd4e0000 of 64 bytes failed: Only part of a ReadProcessMemory or WriteProcessMemory request was completed. (0x12B)
[0309/233625.506:WARNING:pe_image_reader.cc(302)] could not read dos header from C:\WINDOWS\System32\DriverStore\FileRepository\igdlh64.inf_amd64_6d34ac0763025a06\igdinfo64.dll
[0309/233625.506:ERROR:process_reader_win.cc(242)] ReadMemory at 0x7ffeff380000 of 64 bytes failed: Only part of a ReadProcessMemory or WriteProcessMemory request was completed. (0x12B)
[0309/233625.506:WARNING:pe_image_reader.cc(302)] could not read dos header from C:\WINDOWS\System32\clbcatq.dll
[0309/233625.506:ERROR:process_reader_win.cc(242)] ReadMemory at 0x7ffece330000 of 64 bytes failed: Only part of a ReadProcessMemory or WriteProcessMemory request was completed. (0x12B)
[0309/233625.506:WARNING:pe_image_reader.cc(302)] could not read dos header from C:\Windows\System32\mfh264enc.dll
[0309/233625.506:ERROR:process_reader_win.cc(242)] ReadMemory at 0x7ffefa700000 of 64 bytes failed: Only part of a ReadProcessMemory or WriteProcessMemory request was completed. (0x12B)
[0309/233625.506:WARNING:pe_image_reader.cc(302)] could not read dos header from C:\WINDOWS\system32\uxtheme.dll
[0309/233625.506:ERROR:process_reader_win.cc(242)] ReadMemory at 0x7ffefd700000 of 64 bytes failed: Only part of a ReadProcessMemory or WriteProcessMemory request was completed. (0x12B)
[0309/233625.506:WARNING:pe_image_reader.cc(302)] could not read dos header from C:\WINDOWS\System32\MSCTF.dll
[0309/233625.506:ERROR:process_reader_win.cc(242)] ReadMemory at 0x7ffecad90000 of 64 bytes failed: Only part of a ReadProcessMemory or WriteProcessMemory request was completed. (0x12B)
[0309/233625.506:WARNING:pe_image_reader.cc(302)] could not read dos header from C:\Windows\System32\Windows.Media.dll
[0309/233625.506:ERROR:process_reader_win.cc(242)] ReadMemory at 0x7ffefb3e0000 of 64 bytes failed: Only part of a ReadProcessMemory or WriteProcessMemory request was completed. (0x12B)
[0309/233625.506:WARNING:pe_image_reader.cc(302)] could not read dos header from C:\WINDOWS\SYSTEM32\ntmarta.dll
[0309/233625.544:ERROR:process_reader_win.cc(242)] ReadMemory at 0xb0415ec000 of 81920 bytes failed: Only part of a ReadProcessMemory or WriteProcessMemory request was completed. (0x12B)
[0309/233625.544:ERROR:process_reader_win.cc(242)] ReadMemory at 0xb0417fd000 of 12288 bytes failed: Only part of a ReadProcessMemory or WriteProcessMemory request was completed. (0x12B)
[0309/233625.544:ERROR:process_reader_win.cc(242)] ReadMemory at 0xb0419fe000 of 8192 bytes failed: Only part of a ReadProcessMemory or WriteProcessMemory request was completed. (0x12B)
[0309/233625.544:ERROR:process_reader_win.cc(242)] ReadMemory at 0xb041bfe000 of 8192 bytes failed: Only part of a ReadProcessMemory or WriteProcessMemory request was completed. (0x12B)
[0309/233625.544:ERROR:process_reader_win.cc(242)] ReadMemory at 0xb041dfe000 of 8192 bytes failed: Only part of a ReadProcessMemory or WriteProcessMemory request was completed. (0x12B)
[0309/233625.544:ERROR:process_reader_win.cc(242)] ReadMemory at 0xb041ffe000 of 8192 bytes failed: Only part of a ReadProcessMemory or WriteProcessMemory request was completed. (0x12B)
[0309/233625.544:ERROR:process_reader_win.cc(242)] ReadMemory at 0xb0421fe000 of 8192 bytes failed: Only part of a ReadProcessMemory or WriteProcessMemory request was completed. (0x12B)
[0309/233625.544:ERROR:process_reader_win.cc(242)] ReadMemory at 0xb0423fd000 of 12288 bytes failed: Only part of a ReadProcessMemory or WriteProcessMemory request was completed. (0x12B)
[0309/233625.544:ERROR:process_reader_win.cc(242)] ReadMemory at 0xb0425ff000 of 4096 bytes failed: Only part of a ReadProcessMemory or WriteProcessMemory request was completed. (0x12B)
[0309/233625.544:ERROR:process_reader_win.cc(242)] ReadMemory at 0xb0433ed000 of 77824 bytes failed: Only part of a ReadProcessMemory or WriteProcessMemory request was completed. (0x12B)
[0309/233625.544:ERROR:process_reader_win.cc(242)] ReadMemory at 0xb0435f0000 of 65536 bytes failed: Only part of a ReadProcessMemory or WriteProcessMemory request was completed. (0x12B)
[0309/233625.544:ERROR:process_reader_win.cc(242)] ReadMemory at 0xb0429fd000 of 12288 bytes failed: Only part of a ReadProcessMemory or WriteProcessMemory request was completed. (0x12B)
[0309/233625.544:ERROR:process_reader_win.cc(242)] ReadMemory at 0xb042df0000 of 65536 bytes failed: Only part of a ReadProcessMemory or WriteProcessMemory request was completed. (0x12B)
[0309/233625.544:ERROR:process_reader_win.cc(242)] ReadMemory at 0xb0427fb000 of 20480 bytes failed: Only part of a ReadProcessMemory or WriteProcessMemory request was completed. (0x12B)
[0309/233625.544:ERROR:process_reader_win.cc(242)] ReadMemory at 0xb04127e000 of 852 bytes failed: Only part of a ReadProcessMemory or WriteProcessMemory request was completed. (0x12B)
[0309/233625.544:ERROR:process_reader_win.cc(242)] ReadMemory at 0xb04127f000 of 6024 bytes failed: Only part of a ReadProcessMemory or WriteProcessMemory request was completed. (0x12B)
[0309/233625.544:ERROR:process_reader_win.cc(242)] ReadMemory at 0xb041281000 of 6024 bytes failed: Only part of a ReadProcessMemory or WriteProcessMemory request was completed. (0x12B)
[0309/233625.544:ERROR:process_reader_win.cc(242)] ReadMemory at 0xb041283000 of 6024 bytes failed: Only part of a ReadProcessMemory or WriteProcessMemory request was completed. (0x12B)
[0309/233625.544:ERROR:process_reader_win.cc(242)] ReadMemory at 0xb041285000 of 6024 bytes failed: Only part of a ReadProcessMemory or WriteProcessMemory request was completed. (0x12B)
[0309/233625.544:ERROR:process_reader_win.cc(242)] ReadMemory at 0xb041287000 of 6024 bytes failed: Only part of a ReadProcessMemory or WriteProcessMemory request was completed. (0x12B)
[0309/233625.544:ERROR:process_reader_win.cc(242)] ReadMemory at 0xb041289000 of 6024 bytes failed: Only part of a ReadProcessMemory or WriteProcessMemory request was completed. (0x12B)
[0309/233625.544:ERROR:process_reader_win.cc(242)] ReadMemory at 0xb04128b000 of 6024 bytes failed: Only part of a ReadProcessMemory or WriteProcessMemory request was completed. (0x12B)
[0309/233625.544:ERROR:process_reader_win.cc(242)] ReadMemory at 0xb04128d000 of 6024 bytes failed: Only part of a ReadProcessMemory or WriteProcessMemory request was completed. (0x12B)
[0309/233625.559:ERROR:process_reader_win.cc(242)] ReadMemory at 0xb04128f000 of 6024 bytes failed: Only part of a ReadProcessMemory or WriteProcessMemory request was completed. (0x12B)
[0309/233625.559:ERROR:process_reader_win.cc(242)] ReadMemory at 0xb04129d000 of 6024 bytes failed: Only part of a ReadProcessMemory or WriteProcessMemory request was completed. (0x12B)
[0309/233625.559:ERROR:process_reader_win.cc(242)] ReadMemory at 0xb04129f000 of 6024 bytes failed: Only part of a ReadProcessMemory or WriteProcessMemory request was completed. (0x12B)
[0309/233625.559:ERROR:process_reader_win.cc(242)] ReadMemory at 0xb0412ad000 of 6024 bytes failed: Only part of a ReadProcessMemory or WriteProcessMemory request was completed. (0x12B)
[0309/233625.559:ERROR:process_reader_win.cc(242)] ReadMemory at 0xb0412af000 of 6024 bytes failed: Only part of a ReadProcessMemory or WriteProcessMemory request was completed. (0x12B)
[0309/233625.559:ERROR:process_reader_win.cc(242)] ReadMemory at 0xb0412d7000 of 6024 bytes failed: Only part of a ReadProcessMemory or WriteProcessMemory request was completed. (0x12B)
[0309/233625.559:ERROR:process_reader_win.cc(242)] ReadMemory at 0x237d95107b0 of 60 bytes failed: Only part of a ReadProcessMemory or WriteProcessMemory request was completed. (0x12B)
[0309/233625.559:ERROR:process_reader_win.cc(242)] ReadMemory at 0x237d9510ad0 of 1016 bytes failed: Only part of a ReadProcessMemory or WriteProcessMemory request was completed. (0x12B)
[0309/233625.559:ERROR:process_reader_win.cc(242)] ReadMemory at 0x237d9510fe0 of 4694 bytes failed: Only part of a ReadProcessMemory or WriteProcessMemory request was completed. (0x12B)
[0309/233625.559:ERROR:process_reader_win.cc(242)] ReadMemory at 0x237d9512240 of 1012 bytes failed: Only part of a ReadProcessMemory or WriteProcessMemory request was completed. (0x12B)
[0309/233625.559:ERROR:process_reader_win.cc(242)] ReadMemory at 0x237d9512888 of 118 bytes failed: Only part of a ReadProcessMemory or WriteProcessMemory request was completed. (0x12B)
[0309/233625.559:ERROR:process_reader_win.cc(242)] ReadMemory at 0x237d9512900 of 1412 bytes failed: Only part of a ReadProcessMemory or WriteProcessMemory request was completed. (0x12B)
[0309/233625.559:ERROR:process_reader_win.cc(242)] ReadMemory at 0x237d9512e86 of 118 bytes failed: Only part of a ReadProcessMemory or WriteProcessMemory request was completed. (0x12B)
[0309/233625.559:ERROR:process_reader_win.cc(242)] ReadMemory at 0x237d9512efe of 30 bytes failed: Only part of a ReadProcessMemory or WriteProcessMemory request was completed. (0x12B)
[0309/233625.559:ERROR:process_reader_win.cc(242)] ReadMemory at 0x237d9512f30 of 58 bytes failed: Only part of a ReadProcessMemory or WriteProcessMemory request was completed. (0x12B)
[0309/233625.559:ERROR:process_reader_win.cc(242)] ReadMemory at 0x237d9513030 of 132 bytes failed: Only part of a ReadProcessMemory or WriteProcessMemory request was completed. (0x12B)
[0309/233625.559:ERROR:process_reader_win.cc(242)] ReadMemory at 0x237d95131c0 of 132 bytes failed: Only part of a ReadProcessMemory or WriteProcessMemory request was completed. (0x12B)
[0309/233625.559:ERROR:process_reader_win.cc(242)] ReadMemory at 0x237d9513760 of 132 bytes failed: Only part of a ReadProcessMemory or WriteProcessMemory request was completed. (0x12B)
[0309/233625.559:ERROR:process_reader_win.cc(242)] ReadMemory at 0x237d95138f0 of 64 bytes failed: Only part of a ReadProcessMemory or WriteProcessMemory request was completed. (0x12B)
[0309/233625.559:ERROR:process_reader_win.cc(242)] ReadMemory at 0x237d9513a50 of 132 bytes failed: Only part of a ReadProcessMemory or WriteProcessMemory request was completed. (0x12B)
[0309/233625.559:ERROR:process_reader_win.cc(242)] ReadMemory at 0x237d9513be0 of 62 bytes failed: Only part of a ReadProcessMemory or WriteProcessMemory request was completed. (0x12B)
[0309/233625.559:ERROR:process_reader_win.cc(242)] ReadMemory at 0x237d9513d50 of 132 bytes failed: Only part of a ReadProcessMemory or WriteProcessMemory request was completed. (0x12B)
[0309/233625.559:ERROR:process_reader_win.cc(242)] ReadMemory at 0x237d9513ee0 of 68 bytes failed: Only part of a ReadProcessMemory or WriteProcessMemory request was completed. (0x12B)
[0309/233625.559:ERROR:process_reader_win.cc(242)] ReadMemory at 0x237d9518190 of 132 bytes failed: Only part of a ReadProcessMemory or WriteProcessMemory request was completed. (0x12B)
[0309/233625.559:ERROR:process_reader_win.cc(242)] ReadMemory at 0x237d9518320 of 62 bytes failed: Only part of a ReadProcessMemory or WriteProcessMemory request was completed. (0x12B)
[0309/233625.559:ERROR:process_reader_win.cc(242)] ReadMemory at 0x237d9518780 of 132 bytes failed: Only part of a ReadProcessMemory or WriteProcessMemory request was completed. (0x12B)
[0309/233625.559:ERROR:process_reader_win.cc(242)] ReadMemory at 0x237d9519ea0 of 132 bytes failed: Only part of a ReadProcessMemory or WriteProcessMemory request was completed. (0x12B)
[0309/233625.559:ERROR:process_reader_win.cc(242)] ReadMemory at 0x237d9519fd0 of 64 bytes failed: Only part of a ReadProcessMemory or WriteProcessMemory request was completed. (0x12B)
[0309/233625.559:ERROR:process_reader_win.cc(242)] ReadMemory at 0x237d951a200 of 132 bytes failed: Only part of a ReadProcessMemory or WriteProcessMemory request was completed. (0x12B)
[0309/233625.559:ERROR:process_reader_win.cc(242)] ReadMemory at 0x237d951a390 of 64 bytes failed: Only part of a ReadProcessMemory or WriteProcessMemory request was completed. (0x12B)
[0309/233625.559:ERROR:process_reader_win.cc(242)] ReadMemory at 0x237d951cb00 of 132 bytes failed: Only part of a ReadProcessMemory or WriteProcessMemory request was completed. (0x12B)
[0309/233625.559:ERROR:process_reader_win.cc(242)] ReadMemory at 0x237d951ce90 of 132 bytes failed: Only part of a ReadProcessMemory or WriteProcessMemory request was completed. (0x12B)
[0309/233625.559:ERROR:process_reader_win.cc(242)] ReadMemory at 0x237d951d030 of 60 bytes failed: Only part of a ReadProcessMemory or WriteProcessMemory request was completed. (0x12B)
[0309/233625.559:ERROR:process_reader_win.cc(242)] ReadMemory at 0x237d951d220 of 132 bytes failed: Only part of a ReadProcessMemory or WriteProcessMemory request was completed. (0x12B)
[0309/233625.559:ERROR:process_reader_win.cc(242)] ReadMemory at 0x237d951d3b0 of 60 bytes failed: Only part of a ReadProcessMemory or WriteProcessMemory request was completed. (0x12B)
[0309/233625.559:ERROR:process_reader_win.cc(242)] ReadMemory at 0x237d951d510 of 158 bytes failed: Only part of a ReadProcessMemory or WriteProcessMemory request was completed. (0x12B)
[0309/233625.559:ERROR:process_reader_win.cc(242)] ReadMemory at 0x237d951d5f0 of 132 bytes failed: Only part of a ReadProcessMemory or WriteProcessMemory request was completed. (0x12B)
[0309/233625.559:ERROR:process_reader_win.cc(242)] ReadMemory at 0x237d951d780 of 62 bytes failed: Only part of a ReadProcessMemory or WriteProcessMemory request was completed. (0x12B)
[0309/233625.559:ERROR:process_reader_win.cc(242)] ReadMemory at 0x237d951db00 of 132 bytes failed: Only part of a ReadProcessMemory or WriteProcessMemory request was completed. (0x12B)
[0309/233625.559:ERROR:process_reader_win.cc(242)] ReadMemory at 0x237d951dc80 of 80 bytes failed: Only part of a ReadProcessMemory or WriteProcessMemory request was completed. (0x12B)
[0309/233625.559:ERROR:process_reader_win.cc(242)] ReadMemory at 0x237d951df80 of 76 bytes failed: Only part of a ReadProcessMemory or WriteProcessMemory request was completed. (0x12B)
[0309/233625.559:ERROR:process_reader_win.cc(242)] ReadMemory at 0x237d951dfe0 of 78 bytes failed: Only part of a ReadProcessMemory or WriteProcessMemory request was completed. (0x12B)
[0309/233625.559:ERROR:process_reader_win.cc(242)] ReadMemory at 0x237d951ede0 of 132 bytes failed: Only part of a ReadProcessMemory or WriteProcessMemory request was completed. (0x12B)
[0309/233625.559:ERROR:process_reader_win.cc(242)] ReadMemory at 0x237d951ef10 of 246 bytes failed: Only part of a ReadProcessMemory or WriteProcessMemory request was completed. (0x12B)
[0309/233625.559:ERROR:process_reader_win.cc(242)] ReadMemory at 0x237d951f210 of 152 bytes failed: Only part of a ReadProcessMemory or WriteProcessMemory request was completed. (0x12B)
[0309/233625.559:ERROR:process_reader_win.cc(242)] ReadMemory at 0x237d951f2e0 of 132 bytes failed: Only part of a ReadProcessMemory or WriteProcessMemory request was completed. (0x12B)
[0309/233625.559:ERROR:process_reader_win.cc(242)] ReadMemory at 0x237d951f410 of 66 bytes failed: Only part of a ReadProcessMemory or WriteProcessMemory request was completed. (0x12B)
[0309/233625.559:ERROR:process_reader_win.cc(242)] ReadMemory at 0x237d951f650 of 132 bytes failed: Only part of a ReadProcessMemory or WriteProcessMemory request was completed. (0x12B)
[0309/233625.559:ERROR:process_reader_win.cc(242)] ReadMemory at 0x237d951f820 of 62 bytes failed: Only part of a ReadProcessMemory or WriteProcessMemory request was completed. (0x12B)
[0309/233625.559:ERROR:process_reader_win.cc(242)] ReadMemory at 0x237d951f870 of 58 bytes failed: Only part of a ReadProcessMemory or WriteProcessMemory request was completed. (0x12B)
[0309/233625.559:ERROR:process_reader_win.cc(242)] ReadMemory at 0x237d951f8c0 of 62 bytes failed: Only part of a ReadProcessMemory or WriteProcessMemory request was completed. (0x12B)
[0309/233625.559:ERROR:process_reader_win.cc(242)] ReadMemory at 0x237d951f910 of 58 bytes failed: Only part of a ReadProcessMemory or WriteProcessMemory request was completed. (0x12B)
[0309/233625.559:ERROR:process_reader_win.cc(242)] ReadMemory at 0x237d951f960 of 62 bytes failed: Only part of a ReadProcessMemory or WriteProcessMemory request was completed. (0x12B)
[0309/233625.559:ERROR:process_reader_win.cc(242)] ReadMemory at 0x237d951f9b0 of 62 bytes failed: Only part of a ReadProcessMemory or WriteProcessMemory request was completed. (0x12B)
[0309/233625.559:ERROR:process_reader_win.cc(242)] ReadMemory at 0x237d951fa00 of 62 bytes failed: Only part of a ReadProcessMemory or WriteProcessMemory request was completed. (0x12B)
[0309/233625.559:ERROR:process_reader_win.cc(242)] ReadMemory at 0x237d951fa50 of 58 bytes failed: Only part of a ReadProcessMemory or WriteProcessMemory request was completed. (0x12B)
[0309/233625.559:ERROR:process_reader_win.cc(242)] ReadMemory at 0x237d951faa0 of 60 bytes failed: Only part of a ReadProcessMemory or WriteProcessMemory request was completed. (0x12B)
[0309/233625.559:ERROR:process_reader_win.cc(242)] ReadMemory at 0x237d951fbe0 of 58 bytes failed: Only part of a ReadProcessMemory or WriteProcessMemory request was completed. (0x12B)
[0309/233625.559:ERROR:process_reader_win.cc(242)] ReadMemory at 0x237d951fc30 of 64 bytes failed: Only part of a ReadProcessMemory or WriteProcessMemory request was completed. (0x12B)
[0309/233625.559:ERROR:process_reader_win.cc(242)] ReadMemory at 0x237d951fc80 of 64 bytes failed: Only part of a ReadProcessMemory or WriteProcessMemory request was completed. (0x12B)
[0309/233625.559:ERROR:process_reader_win.cc(242)] ReadMemory at 0x237d951fcd0 of 60 bytes failed: Only part of a ReadProcessMemory or WriteProcessMemory request was completed. (0x12B)
[0309/233625.559:ERROR:process_reader_win.cc(242)] ReadMemory at 0x237d951fd70 of 62 bytes failed: Only part of a ReadProcessMemory or WriteProcessMemory request was completed. (0x12B)
[0309/233625.559:ERROR:process_reader_win.cc(242)] ReadMemory at 0x237d951fe60 of 66 bytes failed: Only part of a ReadProcessMemory or WriteProcessMemory request was completed. (0x12B)
[0309/233625.559:ERROR:process_reader_win.cc(242)] ReadMemory at 0x237d951ff00 of 58 bytes failed: Only part of a ReadProcessMemory or WriteProcessMemory request was completed. (0x12B)
[0309/233625.559:ERROR:process_reader_win.cc(242)] ReadMemory at 0x237d95210f0 of 132 bytes failed: Only part of a ReadProcessMemory or WriteProcessMemory request was completed. (0x12B)
[0309/233625.559:ERROR:process_reader_win.cc(242)] ReadMemory at 0x237d9521220 of 132 bytes failed: Only part of a ReadProcessMemory or WriteProcessMemory request was completed. (0x12B)
[0309/233625.559:ERROR:process_reader_win.cc(242)] ReadMemory at 0x237d9521350 of 132 bytes failed: Only part of a ReadProcessMemory or WriteProcessMemory request was completed. (0x12B)
[0309/233625.559:ERROR:process_reader_win.cc(242)] ReadMemory at 0x237d9521480 of 132 bytes failed: Only part of a ReadProcessMemory or WriteProcessMemory request was completed. (0x12B)
[0309/233625.559:ERROR:process_reader_win.cc(242)] ReadMemory at 0x237d95215b0 of 132 bytes failed: Only part of a ReadProcessMemory or WriteProcessMemory request was completed. (0x12B)
[0309/233625.559:ERROR:process_reader_win.cc(242)] ReadMemory at 0x237d95216e0 of 132 bytes failed: Only part of a ReadProcessMemory or WriteProcessMemory request was completed. (0x12B)
[0309/233625.559:ERROR:process_reader_win.cc(242)] ReadMemory at 0x237d9521810 of 132 bytes failed: Only part of a ReadProcessMemory or WriteProcessMemory request was completed. (0x12B)
[0309/233625.559:ERROR:process_reader_win.cc(242)] ReadMemory at 0x237d9521940 of 132 bytes failed: Only part of a ReadProcessMemory or WriteProcessMemory request was completed. (0x12B)
[0309/233625.559:ERROR:process_reader_win.cc(242)] ReadMemory at 0x237d9521a70 of 132 bytes failed: Only part of a ReadProcessMemory or WriteProcessMemory request was completed. (0x12B)
[0309/233625.559:ERROR:process_reader_win.cc(242)] ReadMemory at 0x237d9521ba0 of 132 bytes failed: Only part of a ReadProcessMemory or WriteProcessMemory request was completed. (0x12B)
[0309/233625.559:ERROR:process_reader_win.cc(242)] ReadMemory at 0x237d9521cd0 of 132 bytes failed: Only part of a ReadProcessMemory or WriteProcessMemory request was completed. (0x12B)
[0309/233625.559:ERROR:process_reader_win.cc(242)] ReadMemory at 0x237d9521e00 of 132 bytes failed: Only part of a ReadProcessMemory or WriteProcessMemory request was completed. (0x12B)
[0309/233625.559:ERROR:process_reader_win.cc(242)] ReadMemory at 0x237d9521f30 of 132 bytes failed: Only part of a ReadProcessMemory or WriteProcessMemory request was completed. (0x12B)
[0309/233625.559:ERROR:process_reader_win.cc(242)] ReadMemory at 0x237d9523940 of 132 bytes failed: Only part of a ReadProcessMemory or WriteProcessMemory request was completed. (0x12B)
[0309/233625.559:ERROR:process_reader_win.cc(242)] ReadMemory at 0x237d9523a70 of 132 bytes failed: Only part of a ReadProcessMemory or WriteProcessMemory request was completed. (0x12B)
[0309/233625.559:ERROR:process_reader_win.cc(242)] ReadMemory at 0x237d9523ba0 of 132 bytes failed: Only part of a ReadProcessMemory or WriteProcessMemory request was completed. (0x12B)
[0309/233625.559:ERROR:process_reader_win.cc(242)] ReadMemory at 0x237d9523cd0 of 132 bytes failed: Only part of a ReadProcessMemory or WriteProcessMemory request was completed. (0x12B)
[0309/233625.559:ERROR:process_reader_win.cc(242)] ReadMemory at 0x237d9523e00 of 132 bytes failed: Only part of a ReadProcessMemory or WriteProcessMemory request was completed. (0x12B)
[0309/233625.559:ERROR:process_reader_win.cc(242)] ReadMemory at 0x237d9523f30 of 132 bytes failed: Only part of a ReadProcessMemory or WriteProcessMemory request was completed. (0x12B)
[0309/233625.559:ERROR:process_reader_win.cc(242)] ReadMemory at 0x237d9524060 of 132 bytes failed: Only part of a ReadProcessMemory or WriteProcessMemory request was completed. (0x12B)
[0309/233625.559:ERROR:process_reader_win.cc(242)] ReadMemory at 0x237d9524190 of 132 bytes failed: Only part of a ReadProcessMemory or WriteProcessMemory request was completed. (0x12B)
[0309/233625.559:ERROR:process_reader_win.cc(242)] ReadMemory at 0x237d95242c0 of 132 bytes failed: Only part of a ReadProcessMemory or WriteProcessMemory request was completed. (0x12B)
[0309/233625.559:ERROR:process_reader_win.cc(242)] ReadMemory at 0x237d95243f0 of 132 bytes failed: Only part of a ReadProcessMemory or WriteProcessMemory request was completed. (0x12B)
[0309/233625.559:ERROR:process_reader_win.cc(242)] ReadMemory at 0x237d9524520 of 132 bytes failed: Only part of a ReadProcessMemory or WriteProcessMemory request was completed. (0x12B)
[0309/233625.559:ERROR:process_reader_win.cc(242)] ReadMemory at 0x237d9524650 of 132 bytes failed: Only part of a ReadProcessMemory or WriteProcessMemory request was completed. (0x12B)
[0309/233625.559:ERROR:process_reader_win.cc(242)] ReadMemory at 0x237d9524780 of 132 bytes failed: Only part of a ReadProcessMemory or WriteProcessMemory request was completed. (0x12B)
[0309/233625.559:ERROR:process_reader_win.cc(242)] ReadMemory at 0x237d95248b0 of 132 bytes failed: Only part of a ReadProcessMemory or WriteProcessMemory request was completed. (0x12B)
[0309/233625.559:ERROR:process_reader_win.cc(242)] ReadMemory at 0x237d95249e0 of 132 bytes failed: Only part of a ReadProcessMemory or WriteProcessMemory request was completed. (0x12B)
[0309/233625.559:ERROR:process_reader_win.cc(242)] ReadMemory at 0x237d9524b10 of 132 bytes failed: Only part of a ReadProcessMemory or WriteProcessMemory request was completed. (0x12B)
[0309/233625.559:ERROR:process_reader_win.cc(242)] ReadMemory at 0x237d9524c40 of 132 bytes failed: Only part of a ReadProcessMemory or WriteProcessMemory request was completed. (0x12B)
[0309/233625.559:ERROR:process_reader_win.cc(242)] ReadMemory at 0x237d9524d70 of 132 bytes failed: Only part of a ReadProcessMemory or WriteProcessMemory request was completed. (0x12B)
[0309/233625.559:ERROR:process_reader_win.cc(242)] ReadMemory at 0x237d9524ea0 of 132 bytes failed: Only part of a ReadProcessMemory or WriteProcessMemory request was completed. (0x12B)
[0309/233625.559:ERROR:process_reader_win.cc(242)] ReadMemory at 0x237d9524fd0 of 132 bytes failed: Only part of a ReadProcessMemory or WriteProcessMemory request was completed. (0x12B)
[0309/233625.559:ERROR:process_reader_win.cc(242)] ReadMemory at 0x237d9525100 of 132 bytes failed: Only part of a ReadProcessMemory or WriteProcessMemory request was completed. (0x12B)
[0309/233625.559:ERROR:process_reader_win.cc(242)] ReadMemory at 0x237d9525230 of 132 bytes failed: Only part of a ReadProcessMemory or WriteProcessMemory request was completed. (0x12B)
[0309/233625.559:ERROR:process_reader_win.cc(242)] ReadMemory at 0x237d9525360 of 132 bytes failed: Only part of a ReadProcessMemory or WriteProcessMemory request was completed. (0x12B)
[0309/233625.559:ERROR:process_reader_win.cc(242)] ReadMemory at 0x237d9525490 of 132 bytes failed: Only part of a ReadProcessMemory or WriteProcessMemory request was completed. (0x12B)
[0309/233625.559:ERROR:process_reader_win.cc(242)] ReadMemory at 0x237d95255c0 of 132 bytes failed: Only part of a ReadProcessMemory or WriteProcessMemory request was completed. (0x12B)
[0309/233625.559:ERROR:process_reader_win.cc(242)] ReadMemory at 0x237d95256f0 of 132 bytes failed: Only part of a ReadProcessMemory or WriteProcessMemory request was completed. (0x12B)
[0309/233625.559:ERROR:process_reader_win.cc(242)] ReadMemory at 0x237d9526ad0 of 154 bytes failed: Only part of a ReadProcessMemory or WriteProcessMemory request was completed. (0x12B)
[0309/233625.559:ERROR:process_reader_win.cc(242)] ReadMemory at 0x237d95283fc of 512 bytes failed: Only part of a ReadProcessMemory or WriteProcessMemory request was completed. (0x12B)
[0309/233625.559:ERROR:process_reader_win.cc(242)] ReadMemory at 0x237d95297b0 of 62 bytes failed: Only part of a ReadProcessMemory or WriteProcessMemory request was completed. (0x12B)
[0309/233625.559:ERROR:process_reader_win.cc(242)] ReadMemory at 0x237d9529bc0 of 66 bytes failed: Only part of a ReadProcessMemory or WriteProcessMemory request was completed. (0x12B)
[0309/233625.559:ERROR:process_reader_win.cc(242)] ReadMemory at 0x237d9529da0 of 60 bytes failed: Only part of a ReadProcessMemory or WriteProcessMemory request was completed. (0x12B)
[0309/233625.559:ERROR:process_reader_win.cc(242)] ReadMemory at 0x237d9529ee0 of 66 bytes failed: Only part of a ReadProcessMemory or WriteProcessMemory request was completed. (0x12B)
[0309/233625.559:ERROR:process_reader_win.cc(242)] ReadMemory at 0x237d952a200 of 58 bytes failed: Only part of a ReadProcessMemory or WriteProcessMemory request was completed. (0x12B)
[0309/233625.559:ERROR:process_reader_win.cc(242)] ReadMemory at 0x237d9534340 of 54 bytes failed: Only part of a ReadProcessMemory or WriteProcessMemory request was completed. (0x12B)
[0309/233625.559:ERROR:process_reader_win.cc(242)] ReadMemory at 0x237d9538fb0 of 64 bytes failed: Only part of a ReadProcessMemory or WriteProcessMemory request was completed. (0x12B)
[0309/233625.559:ERROR:process_reader_win.cc(242)] ReadMemory at 0x237d9539000 of 62 bytes failed: Only part of a ReadProcessMemory or WriteProcessMemory request was completed. (0x12B)
[0309/233625.559:ERROR:process_reader_win.cc(242)] ReadMemory at 0x237d9539140 of 58 bytes failed: Only part of a ReadProcessMemory or WriteProcessMemory request was completed. (0x12B)
[0309/233625.559:ERROR:process_reader_win.cc(242)] ReadMemory at 0x237d95391e0 of 62 bytes failed: Only part of a ReadProcessMemory or WriteProcessMemory request was completed. (0x12B)
[0309/233625.559:ERROR:process_reader_win.cc(242)] ReadMemory at 0x237d9539280 of 60 bytes failed: Only part of a ReadProcessMemory or WriteProcessMemory request was completed. (0x12B)
[0309/233625.559:ERROR:process_reader_win.cc(242)] ReadMemory at 0x237d9539320 of 60 bytes failed: Only part of a ReadProcessMemory or WriteProcessMemory request was completed. (0x12B)
[0309/233625.559:ERROR:process_reader_win.cc(242)] ReadMemory at 0x237d95393c0 of 64 bytes failed: Only part of a ReadProcessMemory or WriteProcessMemory request was completed. (0x12B)
[0309/233625.559:ERROR:process_reader_win.cc(242)] ReadMemory at 0x237d9539410 of 62 bytes failed: Only part of a ReadProcessMemory or WriteProcessMemory request was completed. (0x12B)
[0309/233625.559:ERROR:process_reader_win.cc(242)] ReadMemory at 0x237d9539460 of 64 bytes failed: Only part of a ReadProcessMemory or WriteProcessMemory request was completed. (0x12B)
[0309/233625.559:ERROR:process_reader_win.cc(242)] ReadMemory at 0x237d9539500 of 64 bytes failed: Only part of a ReadProcessMemory or WriteProcessMemory request was completed. (0x12B)
[0309/233625.559:ERROR:process_reader_win.cc(242)] ReadMemory at 0x237d95395f0 of 58 bytes failed: Only part of a ReadProcessMemory or WriteProcessMemory request was completed. (0x12B)
[0309/233625.559:ERROR:process_reader_win.cc(242)] ReadMemory at 0x237d9539640 of 60 bytes failed: Only part of a ReadProcessMemory or WriteProcessMemory request was completed. (0x12B)
[0309/233625.559:ERROR:process_reader_win.cc(242)] ReadMemory at 0x237d9539690 of 64 bytes failed: Only part of a ReadProcessMemory or WriteProcessMemory request was completed. (0x12B)
[0309/233625.559:ERROR:process_reader_win.cc(242)] ReadMemory at 0x237d9539730 of 64 bytes failed: Only part of a ReadProcessMemory or WriteProcessMemory request was completed. (0x12B)
[0309/233625.559:ERROR:process_reader_win.cc(242)] ReadMemory at 0x237d95397d0 of 60 bytes failed: Only part of a ReadProcessMemory or WriteProcessMemory request was completed. (0x12B)
[0309/233625.559:ERROR:process_reader_win.cc(242)] ReadMemory at 0x237d9539870 of 64 bytes failed: Only part of a ReadProcessMemory or WriteProcessMemory request was completed. (0x12B)
[0309/233625.559:ERROR:process_reader_win.cc(242)] ReadMemory at 0x237d9539aa0 of 60 bytes failed: Only part of a ReadProcessMemory or WriteProcessMemory request was completed. (0x12B)
[0309/233625.559:ERROR:process_reader_win.cc(242)] ReadMemory at 0x237d9539be0 of 64 bytes failed: Only part of a ReadProcessMemory or WriteProcessMemory request was completed. (0x12B)
[0309/233625.559:ERROR:process_reader_win.cc(242)] ReadMemory at 0x237d9539c80 of 62 bytes failed: Only part of a ReadProcessMemory or WriteProcessMemory request was completed. (0x12B)
[0309/233625.559:ERROR:process_reader_win.cc(242)] ReadMemory at 0x237d9539d20 of 56 bytes failed: Only part of a ReadProcessMemory or WriteProcessMemory request was completed. (0x12B)
[0309/233625.559:ERROR:process_reader_win.cc(242)] ReadMemory at 0x237d9539d70 of 62 bytes failed: Only part of a ReadProcessMemory or WriteProcessMemory request was completed. (0x12B)
[0309/233625.559:ERROR:process_reader_win.cc(242)] ReadMemory at 0x237d953a9c0 of 132 bytes failed: Only part of a ReadProcessMemory or WriteProcessMemory request was completed. (0x12B)
[0309/233625.559:ERROR:process_reader_win.cc(242)] ReadMemory at 0x237d953aaf0 of 132 bytes failed: Only part of a ReadProcessMemory or WriteProcessMemory request was completed. (0x12B)
[0309/233625.559:ERROR:process_reader_win.cc(242)] ReadMemory at 0x237d953ac20 of 132 bytes failed: Only part of a ReadProcessMemory or WriteProcessMemory request was completed. (0x12B)
[0309/233625.559:ERROR:process_reader_win.cc(242)] ReadMemory at 0x237d953ad50 of 132 bytes failed: Only part of a ReadProcessMemory or WriteProcessMemory request was completed. (0x12B)
[0309/233625.559:ERROR:process_reader_win.cc(242)] ReadMemory at 0x237d953ae80 of 132 bytes failed: Only part of a ReadProcessMemory or WriteProcessMemory request was completed. (0x12B)
[0309/233625.559:ERROR:process_reader_win.cc(242)] ReadMemory at 0x237d953afb0 of 132 bytes failed: Only part of a ReadProcessMemory or WriteProcessMemory request was completed. (0x12B)
[0309/233625.559:ERROR:process_reader_win.cc(242)] ReadMemory at 0x237d953b0e0 of 132 bytes failed: Only part of a ReadProcessMemory or WriteProcessMemory request was completed. (0x12B)
[0309/233625.559:ERROR:process_reader_win.cc(242)] ReadMemory at 0x237d953b210 of 132 bytes failed: Only part of a ReadProcessMemory or WriteProcessMemory request was completed. (0x12B)
[0309/233625.559:ERROR:process_reader_win.cc(242)] ReadMemory at 0x237d953b340 of 132 bytes failed: Only part of a ReadProcessMemory or WriteProcessMemory request was completed. (0x12B)
[0309/233625.559:ERROR:process_reader_win.cc(242)] ReadMemory at 0x237d953b470 of 132 bytes failed: Only part of a ReadProcessMemory or WriteProcessMemory request was completed. (0x12B)
[0309/233625.559:ERROR:process_reader_win.cc(242)] ReadMemory at 0x237d953b5a0 of 132 bytes failed: Only part of a ReadProcessMemory or WriteProcessMemory request was completed. (0x12B)
[0309/233625.559:ERROR:process_reader_win.cc(242)] ReadMemory at 0x237d953b6d0 of 132 bytes failed: Only part of a ReadProcessMemory or WriteProcessMemory request was completed. (0x12B)
[0309/233625.559:ERROR:process_reader_win.cc(242)] ReadMemory at 0x237d953b800 of 132 bytes failed: Only part of a ReadProcessMemory or WriteProcessMemory request was completed. (0x12B)
[0309/233625.559:ERROR:process_reader_win.cc(242)] ReadMemory at 0x237d953b930 of 132 bytes failed: Only part of a ReadProcessMemory or WriteProcessMemory request was completed. (0x12B)
[0309/233625.559:ERROR:process_reader_win.cc(242)] ReadMemory at 0x237d953ba60 of 132 bytes failed: Only part of a ReadProcessMemory or WriteProcessMemory request was completed. (0x12B)
[0309/233625.559:ERROR:process_reader_win.cc(242)] ReadMemory at 0x237d953bb90 of 132 bytes failed: Only part of a ReadProcessMemory or WriteProcessMemory request was completed. (0x12B)
[0309/233625.559:ERROR:process_reader_win.cc(242)] ReadMemory at 0x237d953bcc0 of 132 bytes failed: Only part of a ReadProcessMemory or WriteProcessMemory request was completed. (0x12B)
[0309/233625.559:ERROR:process_reader_win.cc(242)] ReadMemory at 0x237d953bdf0 of 132 bytes failed: Only part of a ReadProcessMemory or WriteProcessMemory request was completed. (0x12B)
[0309/233625.559:ERROR:process_reader_win.cc(242)] ReadMemory at 0x237d953bf20 of 132 bytes failed: Only part of a ReadProcessMemory or WriteProcessMemory request was completed. (0x12B)
[0309/233625.559:ERROR:process_reader_win.cc(242)] ReadMemory at 0x237d953c050 of 132 bytes failed: Only part of a ReadProcessMemory or WriteProcessMemory request was completed. (0x12B)
[0309/233625.559:ERROR:process_reader_win.cc(242)] ReadMemory at 0x237d953c180 of 132 bytes failed: Only part of a ReadProcessMemory or WriteProcessMemory request was completed. (0x12B)
[0309/233625.559:ERROR:process_reader_win.cc(242)] ReadMemory at 0x237d953c2b0 of 132 bytes failed: Only part of a ReadProcessMemory or WriteProcessMemory request was completed. (0x12B)
[0309/233625.559:ERROR:process_reader_win.cc(242)] ReadMemory at 0x237d953c3e0 of 132 bytes failed: Only part of a ReadProcessMemory or WriteProcessMemory request was completed. (0x12B)
[0309/233625.559:ERROR:process_reader_win.cc(242)] ReadMemory at 0x237d953c510 of 132 bytes failed: Only part of a ReadProcessMemory or WriteProcessMemory request was completed. (0x12B)
[0309/233625.559:ERROR:process_reader_win.cc(242)] ReadMemory at 0x237d953c640 of 132 bytes failed: Only part of a ReadProcessMemory or WriteProcessMemory request was completed. (0x12B)
[0309/233625.559:ERROR:process_reader_win.cc(242)] ReadMemory at 0x237d953c770 of 132 bytes failed: Only part of a ReadProcessMemory or WriteProcessMemory request was completed. (0x12B)
[0309/233625.559:ERROR:process_reader_win.cc(242)] ReadMemory at 0x237d953cfd0 of 76 bytes failed: Only part of a ReadProcessMemory or WriteProcessMemory request was completed. (0x12B)
[0309/233625.559:ERROR:process_reader_win.cc(242)] ReadMemory at 0x237d953d630 of 72 bytes failed: Only part of a ReadProcessMemory or WriteProcessMemory request was completed. (0x12B)
[0309/233625.559:ERROR:process_reader_win.cc(242)] ReadMemory at 0x237d9544310 of 52 bytes failed: Only part of a ReadProcessMemory or WriteProcessMemory request was completed. (0x12B)
[0309/233625.559:ERROR:process_reader_win.cc(242)] ReadMemory at 0x237d95461a0 of 70 bytes failed: Only part of a ReadProcessMemory or WriteProcessMemory request was completed. (0x12B)
[0309/233625.559:ERROR:process_reader_win.cc(242)] ReadMemory at 0x237d9546510 of 60 bytes failed: Only part of a ReadProcessMemory or WriteProcessMemory request was completed. (0x12B)
[0309/233625.559:ERROR:process_reader_win.cc(242)] ReadMemory at 0x237d9546560 of 58 bytes failed: Only part of a ReadProcessMemory or WriteProcessMemory request was completed. (0x12B)
[0309/233625.559:ERROR:process_reader_win.cc(242)] ReadMemory at 0x237d9546740 of 62 bytes failed: Only part of a ReadProcessMemory or WriteProcessMemory request was completed. (0x12B)
[0309/233625.559:ERROR:process_reader_win.cc(242)] ReadMemory at 0x237d9546b50 of 62 bytes failed: Only part of a ReadProcessMemory or WriteProcessMemory request was completed. (0x12B)
[0309/233625.559:ERROR:process_reader_win.cc(242)] ReadMemory at 0x237d9546ba0 of 60 bytes failed: Only part of a ReadProcessMemory or WriteProcessMemory request was completed. (0x12B)
[0309/233625.559:ERROR:process_reader_win.cc(242)] ReadMemory at 0x237d9546e20 of 68 bytes failed: Only part of a ReadProcessMemory or WriteProcessMemory request was completed. (0x12B)
[0309/233625.559:ERROR:process_reader_win.cc(242)] ReadMemory at 0x237d9552040 of 126 bytes failed: Only part of a ReadProcessMemory or WriteProcessMemory request was completed. (0x12B)
[0309/233625.559:ERROR:process_reader_win.cc(242)] ReadMemory at 0x237d9553470 of 146 bytes failed: Only part of a ReadProcessMemory or WriteProcessMemory request was completed. (0x12B)
[0309/233625.559:ERROR:process_reader_win.cc(242)] ReadMemory at 0x237d9557730 of 58 bytes failed: Only part of a ReadProcessMemory or WriteProcessMemory request was completed. (0x12B)
[0309/233625.559:ERROR:process_reader_win.cc(242)] ReadMemory at 0x237d9557870 of 56 bytes failed: Only part of a ReadProcessMemory or WriteProcessMemory request was completed. (0x12B)
[0309/233625.559:ERROR:process_reader_win.cc(242)] ReadMemory at 0x237d95578c0 of 60 bytes failed: Only part of a ReadProcessMemory or WriteProcessMemory request was completed. (0x12B)
[0309/233625.559:ERROR:process_reader_win.cc(242)] ReadMemory at 0x237d9557b40 of 60 bytes failed: Only part of a ReadProcessMemory or WriteProcessMemory request was completed. (0x12B)
[0309/233625.559:ERROR:process_reader_win.cc(242)] ReadMemory at 0x237d9558270 of 60 bytes failed: Only part of a ReadProcessMemory or WriteProcessMemory request was completed. (0x12B)
[0309/233625.559:ERROR:process_reader_win.cc(242)] ReadMemory at 0x237d9558400 of 58 bytes failed: Only part of a ReadProcessMemory or WriteProcessMemory request was completed. (0x12B)
[0309/233625.559:ERROR:process_reader_win.cc(242)] ReadMemory at 0x237d957e2c0 of 182 bytes failed: Only part of a ReadProcessMemory or WriteProcessMemory request was completed. (0x12B)
[0309/233625.559:ERROR:process_reader_win.cc(242)] ReadMemory at 0x237d9581030 of 194 bytes failed: Only part of a ReadProcessMemory or WriteProcessMemory request was completed. (0x12B)
[0309/233625.559:ERROR:process_reader_win.cc(242)] ReadMemory at 0x237d959e600 of 512 bytes failed: Only part of a ReadProcessMemory or WriteProcessMemory request was completed. (0x12B)
[0309/233625.559:ERROR:process_reader_win.cc(242)] ReadMemory at 0x237d95bbac0 of 194 bytes failed: Only part of a ReadProcessMemory or WriteProcessMemory request was completed. (0x12B)
[0309/233625.559:ERROR:process_reader_win.cc(242)] ReadMemory at 0x237d95bc620 of 190 bytes failed: Only part of a ReadProcessMemory or WriteProcessMemory request was completed. (0x12B)
[0309/233625.559:ERROR:process_reader_win.cc(242)] ReadMemory at 0x237d99910c0 of 512 bytes failed: Only part of a ReadProcessMemory or WriteProcessMemory request was completed. (0x12B)
[0309/233625.559:ERROR:process_reader_win.cc(242)] ReadMemory at 0x237db010928 of 512 bytes failed: Only part of a ReadProcessMemory or WriteProcessMemory request was completed. (0x12B)
[0309/233625.559:ERROR:process_reader_win.cc(242)] ReadMemory at 0x237db010ff0 of 688 bytes failed: Only part of a ReadProcessMemory or WriteProcessMemory request was completed. (0x12B)
[0309/233625.559:ERROR:process_reader_win.cc(242)] ReadMemory at 0x237db012cc0 of 512 bytes failed: Only part of a ReadProcessMemory or WriteProcessMemory request was completed. (0x12B)
[0309/233625.559:ERROR:process_reader_win.cc(242)] ReadMemory at 0x237db0138d8 of 512 bytes failed: Only part of a ReadProcessMemory or WriteProcessMemory request was completed. (0x12B)
[0309/233625.559:ERROR:process_reader_win.cc(242)] ReadMemory at 0x237db04eb30 of 512 bytes failed: Only part of a ReadProcessMemory or WriteProcessMemory request was completed. (0x12B)
[0309/233625.559:ERROR:process_reader_win.cc(242)] ReadMemory at 0x237db150000 of 384 bytes failed: Only part of a ReadProcessMemory or WriteProcessMemory request was completed. (0x12B)
[0309/233625.559:ERROR:process_reader_win.cc(242)] ReadMemory at 0x237e1ecf4c0 of 62 bytes failed: Only part of a ReadProcessMemory or WriteProcessMemory request was completed. (0x12B)
[0309/233625.559:ERROR:process_reader_win.cc(242)] ReadMemory at 0x237e1ecf7a0 of 132 bytes failed: Only part of a ReadProcessMemory or WriteProcessMemory request was completed. (0x12B)
[0309/233625.559:ERROR:process_reader_win.cc(242)] ReadMemory at 0x237e1ecfec0 of 132 bytes failed: Only part of a ReadProcessMemory or WriteProcessMemory request was completed. (0x12B)
[0309/233625.559:ERROR:process_reader_win.cc(242)] ReadMemory at 0x237e1ed0250 of 132 bytes failed: Only part of a ReadProcessMemory or WriteProcessMemory request was completed. (0x12B)
[0309/233625.559:ERROR:process_reader_win.cc(242)] ReadMemory at 0x237e1ed0380 of 132 bytes failed: Only part of a ReadProcessMemory or WriteProcessMemory request was completed. (0x12B)
[0309/233625.559:ERROR:process_reader_win.cc(242)] ReadMemory at 0x237e1ed04b0 of 132 bytes failed: Only part of a ReadProcessMemory or WriteProcessMemory request was completed. (0x12B)
[0309/233625.559:ERROR:process_reader_win.cc(242)] ReadMemory at 0x237e1ed0970 of 132 bytes failed: Only part of a ReadProcessMemory or WriteProcessMemory request was completed. (0x12B)
[0309/233625.559:ERROR:process_reader_win.cc(242)] ReadMemory at 0x237e1ed0aa0 of 132 bytes failed: Only part of a ReadProcessMemory or WriteProcessMemory request was completed. (0x12B)
[0309/233625.559:ERROR:process_reader_win.cc(242)] ReadMemory at 0x237e1ed1090 of 132 bytes failed: Only part of a ReadProcessMemory or WriteProcessMemory request was completed. (0x12B)
[0309/233625.559:ERROR:process_reader_win.cc(242)] ReadMemory at 0x237e1efd560 of 66 bytes failed: Only part of a ReadProcessMemory or WriteProcessMemory request was completed. (0x12B)
[0309/233625.559:ERROR:process_reader_win.cc(242)] ReadMemory at 0x237e1f2f010 of 512 bytes failed: Only part of a ReadProcessMemory or WriteProcessMemory request was completed. (0x12B)
[0309/233625.559:ERROR:process_reader_win.cc(242)] ReadMemory at 0x237e1f643b0 of 512 bytes failed: Only part of a ReadProcessMemory or WriteProcessMemory request was completed. (0x12B)
[0309/233625.559:ERROR:process_reader_win.cc(242)] ReadMemory at 0x237e1f8b510 of 62 bytes failed: Only part of a ReadProcessMemory or WriteProcessMemory request was completed. (0x12B)
[0309/233625.559:ERROR:process_reader_win.cc(242)] ReadMemory at 0x237e1f8b5b0 of 58 bytes failed: Only part of a ReadProcessMemory or WriteProcessMemory request was completed. (0x12B)
[0309/233625.559:ERROR:process_reader_win.cc(242)] ReadMemory at 0x237e1fa6520 of 512 bytes failed: Only part of a ReadProcessMemory or WriteProcessMemory request was completed. (0x12B)
[0309/233625.559:ERROR:process_reader_win.cc(242)] ReadMemory at 0x237e1fa68a0 of 512 bytes failed: Only part of a ReadProcessMemory or WriteProcessMemory request was completed. (0x12B)
[0309/233625.559:ERROR:process_reader_win.cc(242)] ReadMemory at 0x237e1fb1340 of 512 bytes failed: Only part of a ReadProcessMemory or WriteProcessMemory request was completed. (0x12B)
[0309/233625.559:ERROR:process_reader_win.cc(242)] ReadMemory at 0x237e1fb16c0 of 512 bytes failed: Only part of a ReadProcessMemory or WriteProcessMemory request was completed. (0x12B)
[0309/233625.559:ERROR:process_reader_win.cc(242)] ReadMemory at 0x237e4004a00 of 62 bytes failed: Only part of a ReadProcessMemory or WriteProcessMemory request was completed. (0x12B)
[0309/233625.559:ERROR:process_reader_win.cc(242)] ReadMemory at 0x237e404a480 of 512 bytes failed: Only part of a ReadProcessMemory or WriteProcessMemory request was completed. (0x12B)
[0309/233625.559:ERROR:process_reader_win.cc(242)] ReadMemory at 0x237e4053b80 of 512 bytes failed: Only part of a ReadProcessMemory or WriteProcessMemory request was completed. (0x12B)
[0309/233625.559:ERROR:process_reader_win.cc(242)] ReadMemory at 0x237e4053f00 of 512 bytes failed: Only part of a ReadProcessMemory or WriteProcessMemory request was completed. (0x12B)
[0309/233625.559:ERROR:process_reader_win.cc(242)] ReadMemory at 0x237e41c6de0 of 512 bytes failed: Only part of a ReadProcessMemory or WriteProcessMemory request was completed. (0x12B)
[0309/233625.559:ERROR:process_reader_win.cc(242)] ReadMemory at 0x237e4c0acd0 of 74 bytes failed: Only part of a ReadProcessMemory or WriteProcessMemory request was completed. (0x12B)
[0309/233625.559:ERROR:process_reader_win.cc(242)] ReadMemory at 0x237e4d55d10 of 512 bytes failed: Only part of a ReadProcessMemory or WriteProcessMemory request was completed. (0x12B)
[0309/233625.559:ERROR:process_reader_win.cc(242)] ReadMemory at 0x237e65e5040 of 512 bytes failed: Only part of a ReadProcessMemory or WriteProcessMemory request was completed. (0x12B)
[0309/233625.559:ERROR:process_reader_win.cc(242)] ReadMemory at 0x237e65e5a40 of 512 bytes failed: Only part of a ReadProcessMemory or WriteProcessMemory request was completed. (0x12B)
[0309/233625.559:ERROR:process_reader_win.cc(242)] ReadMemory at 0x7ffeafe5031e of 512 bytes failed: Only part of a ReadProcessMemory or WriteProcessMemory request was completed. (0x12B)
[0309/233625.559:ERROR:process_reader_win.cc(242)] ReadMemory at 0x7ffeafe509df of 512 bytes failed: Only part of a ReadProcessMemory or WriteProcessMemory request was completed. (0x12B)
[0309/233625.559:ERROR:process_reader_win.cc(242)] ReadMemory at 0x7ffeb2858920 of 512 bytes failed: Only part of a ReadProcessMemory or WriteProcessMemory request was completed. (0x12B)
[0309/233625.559:ERROR:process_reader_win.cc(242)] ReadMemory at 0x7ffeeba51e10 of 512 bytes failed: Only part of a ReadProcessMemory or WriteProcessMemory request was completed. (0x12B)
[0309/233625.559:ERROR:process_reader_win.cc(242)] ReadMemory at 0x7ffefcf1b6d0 of 512 bytes failed: Only part of a ReadProcessMemory or WriteProcessMemory request was completed. (0x12B)
[0309/233625.559:ERROR:process_reader_win.cc(242)] ReadMemory at 0x7ffefcf69a04 of 512 bytes failed: Only part of a ReadProcessMemory or WriteProcessMemory request was completed. (0x12B)
[0309/233625.559:ERROR:process_reader_win.cc(242)] ReadMemory at 0x7ffefdae91e0 of 512 bytes failed: Only part of a ReadProcessMemory or WriteProcessMemory request was completed. (0x12B)
[0309/233625.559:ERROR:process_reader_win.cc(242)] ReadMemory at 0x7ffefdaf1af0 of 512 bytes failed: Only part of a ReadProcessMemory or WriteProcessMemory request was completed. (0x12B)
[0309/233625.559:ERROR:process_reader_win.cc(242)] ReadMemory at 0x7ffefdaf2cf0 of 512 bytes failed: Only part of a ReadProcessMemory or WriteProcessMemory request was completed. (0x12B)
[0309/233625.559:ERROR:process_reader_win.cc(242)] ReadMemory at 0x7ffeff555c30 of 512 bytes failed: Only part of a ReadProcessMemory or WriteProcessMemory request was completed. (0x12B)
[0309/233625.559:ERROR:process_reader_win.cc(242)] ReadMemory at 0x7ffeff5bc0c4 of 672 bytes failed: Only part of a ReadProcessMemory or WriteProcessMemory request was completed. (0x12B)
[0309/233625.559:ERROR:process_reader_win.cc(242)] ReadMemory at 0x7ffeff5bc6c4 of 512 bytes failed: Only part of a ReadProcessMemory or WriteProcessMemory request was completed. (0x12B)
[0309/233625.559:ERROR:process_reader_win.cc(242)] ReadMemory at 0x7ffeff5bf9d4 of 512 bytes failed: Only part of a ReadProcessMemory or WriteProcessMemory request was completed. (0x12B)
[0309/233625.559:ERROR:process_reader_win.cc(242)] ReadMemory at 0x7ffeff64c428 of 18 bytes failed: Only part of a ReadProcessMemory or WriteProcessMemory request was completed. (0x12B)
[0309/233625.559:ERROR:process_reader_win.cc(242)] ReadMemory at 0x7ffeff67f4f8 of 40 bytes failed: Only part of a ReadProcessMemory or WriteProcessMemory request was completed. (0x12B)
[0309/233625.559:ERROR:process_reader_win.cc(242)] ReadMemory at 0x7ffeff67f978 of 48 bytes failed: Only part of a ReadProcessMemory or WriteProcessMemory request was completed. (0x12B)
[0309/233625.559:ERROR:process_reader_win.cc(242)] ReadMemory at 0x7ffeff6853c0 of 64 bytes failed: Only part of a ReadProcessMemory or WriteProcessMemory request was completed. (0x12B)
[0309/233625.559:ERROR:process_reader_win.cc(242)] ReadMemory at 0x7ffeff69a460 of 512 bytes failed: Only part of a ReadProcessMemory or WriteProcessMemory request was completed. (0x12B)
[0309/233625.575:ERROR:scoped_process_suspend.cc(40)] NtResumeProcess: An attempt was made to access an exiting process. (0xc000010a)
